[23Feb2025 00:02:26.429] [Server thread/INFO] [APTweaks(Core)/]: [APTweaks:Core] ↓ Server load changed from LOW (avg. 21.895580291748047) to VERY_LOW (avg. 19.704254150390625)
[23Feb2025 00:02:41.429] [Server thread/INFO] [APTweaks(Core)/]: [APTweaks:Core] ↑ Server load changed from VERY_LOW (avg. 19.704254150390625) to LOW (avg. 22.37380027770996)
[23Feb2025 00:02:57.613] [Server thread/INFO] [net.minecraft.server.MinecraftServer/]: [Not Secure] <Sgirano> un toque afk
[23Feb2025 00:03:03.202] [Server thread/INFO] [net.minecraft.server.MinecraftServer/]: [Not Secure] <Sgirano> estoy con cristina
[23Feb2025 00:03:03.929] [Server thread/INFO] [APTweaks(Core)/]: [APTweaks:Core] ↓ Server load changed from LOW (avg. 20.24216651916504) to VERY_LOW (avg. 17.11903190612793)
[23Feb2025 00:04:18.929] [Server thread/INFO] [APTweaks(Core)/]: [APTweaks:Core] ↑ Server load changed from VERY_LOW (avg. 19.361968994140625) to LOW (avg. 22.734859466552734)
[23Feb2025 00:07:54.204] [Server thread/INFO] [net.minecraft.server.MinecraftServer/]: [Not Secure] <Sgirano> cristina
[23Feb2025 00:08:05.902] [Server thread/INFO] [net.minecraft.server.MinecraftServer/]: [Not Secure] <Sgirano> porque dejas que este loco me secuestre
[23Feb2025 00:11:33.254] [Server thread/INFO] [net.minecraft.server.MinecraftServer/]: [BillyVR15: Set own game mode to Creative Mode]
[23Feb2025 00:11:58.426] [Server thread/INFO] [net.minecraft.server.MinecraftServer/]: [BillyVR15: Set own game mode to Survival Mode]
[23Feb2025 00:13:25.125] [Server thread/INFO] [net.minecraft.server.MinecraftServer/]: [Not Secure] <Sgirano> CRISTINA VE A CASA DE BILLY
[23Feb2025 00:13:26.429] [Server thread/INFO] [APTweaks(Core)/]: [APTweaks:Core] ↑ Server load changed from LOW (avg. 39.50663375854492) to NORMAL (avg. 43.23170852661133)
[23Feb2025 00:14:11.926] [Server thread/INFO] [net.minecraft.server.MinecraftServer/]: [BillyVR15: Set own game mode to Creative Mode]
[23Feb2025 00:14:18.929] [Server thread/INFO] [APTweaks(Core)/]: [APTweaks:Core] ↓ Server load changed from NORMAL (avg. 40.73109817504883) to LOW (avg. 36.62015151977539)
[23Feb2025 00:14:23.567] [Server thread/INFO] [net.minecraft.server.MinecraftServer/]: [BillyVR15: Set own game mode to Survival Mode]
[23Feb2025 00:14:26.436] [Server thread/INFO] [APTweaks(Core)/]: [APTweaks:Core] ↑ Server load changed from LOW (avg. 36.62015151977539) to NORMAL (avg. 45.23284149169922)
[23Feb2025 00:14:29.228] [Server thread/INFO] [net.minecraft.server.MinecraftServer/]: [BillyVR15: Teleported BillyVR15 to Oicapse]
[23Feb2025 00:14:41.429] [Server thread/INFO] [APTweaks(Core)/]: [APTweaks:Core] ↓ Server load changed from NORMAL (avg. 45.23284149169922) to LOW (avg. 33.21331787109375)
[23Feb2025 00:15:41.549] [Server thread/INFO] [APTweaks(Core)/]: [APTweaks:Core] ↑ Server load changed from LOW (avg. 38.08202362060547) to VERY_HIGH (avg. 58.6450080871582)
[23Feb2025 00:15:56.429] [Server thread/INFO] [APTweaks(Core)/]: [APTweaks:Core] ↓ Server load changed from VERY_HIGH (avg. 58.6450080871582) to LOW (avg. 30.608545303344727)
[23Feb2025 00:18:06.650] [Server thread/INFO] [net.minecraft.server.MinecraftServer/]: [Not Secure] <Sgirano> Tu vuelas o que mrd?
[23Feb2025 00:18:41.429] [Server thread/INFO] [APTweaks(Core)/]: [APTweaks:Core] ↓ Server load changed from LOW (avg. 20.54353904724121) to VERY_LOW (avg. 16.796592712402344)
[23Feb2025 00:19:49.353] [Server thread/INFO] [net.minecraft.server.MinecraftServer/]: BillyVR15 has made the advancement [Not the Olympic Type]
[23Feb2025 00:19:58.342] [Server thread/INFO] [net.minecraft.server.MinecraftServer/]: BillyVR15 has made the advancement [Burying the Hatchet]
[23Feb2025 00:20:05.095] [Server thread/INFO] [net.minecraft.server.MinecraftServer/]: Sgirano has reached the goal [Strong or Careful]
[23Feb2025 00:20:05.095] [Server thread/INFO] [net.minecraft.server.MinecraftServer/]: Sgirano was slain by BillyVR15
[23Feb2025 00:20:05.550] [Server thread/INFO] [tombstone/]: The player Sgirano has successfully been saved
[23Feb2025 00:20:07.513] [Server thread/INFO] [net.minecraft.server.network.ServerGamePacketListenerImpl/]: Async chunk loading for player Sgirano completed
[23Feb2025 00:20:11.429] [Server thread/INFO] [APTweaks(Core)/]: [APTweaks:Core] ↑ Server load changed from VERY_LOW (avg. 15.11742115020752) to LOW (avg. 25.825077056884766)
[23Feb2025 00:20:26.429] [Server thread/INFO] [APTweaks(Core)/]: [APTweaks:Core] ↓ Server load changed from LOW (avg. 25.825077056884766) to VERY_LOW (avg. 12.209413528442383)
[23Feb2025 00:21:41.429] [Server thread/INFO] [APTweaks(Core)/]: [APTweaks:Core] ↑ Server load changed from VERY_LOW (avg. 12.31183910369873) to LOW (avg. 22.588478088378906)
[23Feb2025 00:22:17.652] [Server thread/INFO] [net.minecraft.server.MinecraftServer/]: Sgirano has made the advancement [First Prayer]
[23Feb2025 00:23:27.849] [Server thread/WARN] [net.minecraft.world.level.chunk.LevelChunk/]: Tried to load a block entity for block Block{minecraft:fletching_table} but failed at location BlockPos{x=-505, y=-17, z=1159}
[23Feb2025 00:23:29.043] [Server thread/WARN] [net.minecraft.world.level.chunk.LevelChunk/]: Tried to load a block entity for block Block{minecraft:fletching_table} but failed at location BlockPos{x=-776, y=-29, z=1193}
[23Feb2025 00:23:29.204] [Server thread/WARN] [net.minecraft.world.level.chunk.LevelChunk/]: Tried to load a block entity for block Block{minecraft:fletching_table} but failed at location BlockPos{x=-738, y=-47, z=1187}
[23Feb2025 00:23:29.854] [Server thread/WARN] [net.minecraft.world.level.chunk.LevelChunk/]: Tried to load a block entity for block Block{minecraft:fletching_table} but failed at location BlockPos{x=-486, y=3, z=1189}
[23Feb2025 00:23:34.846] [Server thread/WARN] [net.minecraft.world.level.chunk.LevelChunk/]: Tried to load a block entity for block Block{minecraft:smithing_table} but failed at location BlockPos{x=-402, y=-5, z=1066}
[23Feb2025 00:23:37.059] [Worker-Main-3/ERROR] [net.minecraft.Util/]: Detected setBlock in a far chunk [-24, 78], pos: BlockPos{x=-372, y=-56, z=1248}, status: minecraft:features, currently generating: ResourceKey[minecraft:worldgen/placed_feature / yungscavebiomes:frosted_caves/large_icicle_tilted]
[23Feb2025 00:23:37.059] [Worker-Main-3/ERROR] [net.minecraft.Util/]: Detected setBlock in a far chunk [-24, 78], pos: BlockPos{x=-371, y=-57, z=1249}, status: minecraft:features, currently generating: ResourceKey[minecraft:worldgen/placed_feature / yungscavebiomes:frosted_caves/large_icicle_tilted]
[23Feb2025 00:23:37.059] [Worker-Main-3/ERROR] [net.minecraft.Util/]: Detected setBlock in a far chunk [-24, 78], pos: BlockPos{x=-371, y=-57, z=1250}, status: minecraft:features, currently generating: ResourceKey[minecraft:worldgen/placed_feature / yungscavebiomes:frosted_caves/large_icicle_tilted]
[23Feb2025 00:23:37.060] [Worker-Main-3/ERROR] [net.minecraft.Util/]: Detected setBlock in a far chunk [-24, 78], pos: BlockPos{x=-370, y=-57, z=1249}, status: minecraft:features, currently generating: ResourceKey[minecraft:worldgen/placed_feature / yungscavebiomes:frosted_caves/large_icicle_tilted]
[23Feb2025 00:23:37.060] [Worker-Main-3/ERROR] [net.minecraft.Util/]: Detected setBlock in a far chunk [-24, 78], pos: BlockPos{x=-370, y=-56, z=1248}, status: minecraft:features, currently generating: ResourceKey[minecraft:worldgen/placed_feature / yungscavebiomes:frosted_caves/large_icicle_tilted]
[23Feb2025 00:23:37.060] [Worker-Main-3/ERROR] [net.minecraft.Util/]: Detected setBlock in a far chunk [-24, 78], pos: BlockPos{x=-369, y=-57, z=1250}, status: minecraft:features, currently generating: ResourceKey[minecraft:worldgen/placed_feature / yungscavebiomes:frosted_caves/large_icicle_tilted]
[23Feb2025 00:23:50.245] [Server thread/WARN] [net.minecraft.world.level.chunk.LevelChunk/]: Tried to load a block entity for block Block{minecraft:smithing_table} but failed at location BlockPos{x=-275, y=-15, z=1122}
[23Feb2025 00:23:52.550] [Server thread/WARN] [net.minecraft.world.level.chunk.LevelChunk/]: Tried to load a block entity for block Block{minecraft:smithing_table} but failed at location BlockPos{x=-318, y=-33, z=1062}
[23Feb2025 00:23:53.143] [Server thread/WARN] [net.minecraft.world.level.chunk.LevelChunk/]: Tried to load a block entity for block Block{minecraft:smithing_table} but failed at location BlockPos{x=-369, y=-44, z=1044}
[23Feb2025 00:23:53.945] [Server thread/WARN] [net.minecraft.world.level.chunk.LevelChunk/]: Tried to load a block entity for block Block{minecraft:smithing_table} but failed at location BlockPos{x=-588, y=-52, z=1324}
[23Feb2025 00:23:54.760] [Server thread/WARN] [net.minecraft.world.level.chunk.LevelChunk/]: Tried to load a block entity for block Block{minecraft:smithing_table} but failed at location BlockPos{x=-597, y=-50, z=1329}
[23Feb2025 00:23:58.005] [Server thread/WARN] [net.minecraft.world.level.chunk.LevelChunk/]: Tried to load a block entity for block Block{minecraft:fletching_table} but failed at location BlockPos{x=-376, y=-54, z=973}
[23Feb2025 00:25:00.701] [Server thread/INFO] [net.minecraft.server.MinecraftServer/]: [Not Secure] <Oicapse> duerman
[23Feb2025 00:25:07.151] [Server thread/INFO] [net.minecraft.server.MinecraftServer/]: [Not Secure] <Sgirano> es de dia
[23Feb2025 00:25:11.947] [Server thread/INFO] [net.minecraft.server.MinecraftServer/]: [Not Secure] <Oicapse> a
[23Feb2025 00:25:16.207] [Server thread/INFO] [net.minecraft.server.MinecraftServer/]: [Not Secure] <Sgirano> XD
[23Feb2025 00:25:16.448] [Server thread/INFO] [net.minecraft.server.MinecraftServer/]: [Not Secure] <BillyVR15> a
[23Feb2025 00:25:33.931] [Server thread/INFO] [APTweaks(Core)/]: [APTweaks:Core] ↑ Server load changed from LOW (avg. 28.913841247558594) to NORMAL (avg. 42.42025375366211)
[23Feb2025 00:25:48.929] [Server thread/INFO] [APTweaks(Core)/]: [APTweaks:Core] ↓ Server load changed from NORMAL (avg. 42.42025375366211) to VERY_LOW (avg. 13.472806930541992)
[23Feb2025 00:26:31.505] [Server thread/INFO] [net.minecraft.server.MinecraftServer/]: [Not Secure] <Oicapse> dejenme
[23Feb2025 00:26:35.791] [Server thread/INFO] [net.minecraft.server.MinecraftServer/]: [Not Secure] <Oicapse> :/
[23Feb2025 00:26:47.595] [Server thread/INFO] [net.minecraft.server.MinecraftServer/]: [Not Secure] <Oicapse> de aqui entro
[23Feb2025 00:26:50.156] [Server thread/INFO] [net.minecraft.server.MinecraftServer/]: [Not Secure] <Oicapse> wo a cenar
[23Feb2025 00:26:54.001] [Server thread/INFO] [net.minecraft.server.MinecraftServer/]: [Not Secure] <BillyVR15> okey
[23Feb2025 00:26:55.304] [Server thread/INFO] [net.minecraft.server.MinecraftServer/]: [Not Secure] <Oicapse> NO TOQUEN MI CASA
[23Feb2025 00:26:56.429] [Server thread/INFO] [APTweaks(Core)/]: [APTweaks:Core] ↑ Server load changed from VERY_LOW (avg. 12.984564781188965) to LOW (avg. 22.608753204345703)
[23Feb2025 00:26:58.251] [Server thread/INFO] [net.minecraft.server.MinecraftServer/]: [Not Secure] <BillyVR15> a
[23Feb2025 00:27:01.118] [Server thread/INFO] [net.minecraft.server.MinecraftServer/]: [Not Secure] <Oicapse> NO TOQUEN
[23Feb2025 00:27:02.499] [Server thread/INFO] [net.minecraft.server.MinecraftServer/]: [Not Secure] <Sgirano> nuclear okey
[23Feb2025 00:27:03.120] [Server thread/INFO] [net.minecraft.server.MinecraftServer/]: [Not Secure] <Oicapse> NOOOOOO
[23Feb2025 00:27:06.066] [Server thread/INFO] [net.minecraft.server.MinecraftServer/]: [Not Secure] <Oicapse> TOQUEEEEN
[23Feb2025 00:27:07.302] [Server thread/INFO] [net.minecraft.server.MinecraftServer/]: [Not Secure] <BillyVR15> xd
[23Feb2025 00:27:12.011] [Server thread/INFO] [net.minecraft.server.network.ServerGamePacketListenerImpl/]: Oicapse lost connection: Disconnected
[23Feb2025 00:27:12.011] [Server thread/INFO] [net.minecraft.server.MinecraftServer/]: Oicapse left the game
[23Feb2025 00:27:12.011] [Server thread/INFO] [com.alrex.parcool.ParCool/]: Limitation of be3fbc71-1543-3e4f-a6e9-f4e9922a90c8 was unloaded
[23Feb2025 00:27:12.011] [Server thread/INFO] [voicechat/]: [voicechat] Disconnecting client Oicapse
[23Feb2025 00:27:41.429] [Server thread/INFO] [APTweaks(Core)/]: [APTweaks:Core] ↓ Server load changed from LOW (avg. 32.90031051635742) to VERY_LOW (avg. 15.098123550415039)
[23Feb2025 00:27:47.679] [Worker-Main-3/ERROR] [net.minecraft.Util/]: Detected setBlock in a far chunk [-100, 43], pos: BlockPos{x=-1594, y=-34, z=701}, status: minecraft:features, currently generating: ResourceKey[minecraft:worldgen/placed_feature / yungscavebiomes:frosted_caves/large_icicle_tilted]
[23Feb2025 00:27:47.679] [Worker-Main-3/ERROR] [net.minecraft.Util/]: Detected setBlock in a far chunk [-100, 43], pos: BlockPos{x=-1594, y=-34, z=702}, status: minecraft:features, currently generating: ResourceKey[minecraft:worldgen/placed_feature / yungscavebiomes:frosted_caves/large_icicle_tilted]
[23Feb2025 00:27:47.679] [Worker-Main-3/ERROR] [net.minecraft.Util/]: Detected setBlock in a far chunk [-100, 43], pos: BlockPos{x=-1594, y=-34, z=703}, status: minecraft:features, currently generating: ResourceKey[minecraft:worldgen/placed_feature / yungscavebiomes:frosted_caves/large_icicle_tilted]
[23Feb2025 00:27:47.679] [Worker-Main-3/ERROR] [net.minecraft.Util/]: Detected setBlock in a far chunk [-100, 43], pos: BlockPos{x=-1593, y=-34, z=702}, status: minecraft:features, currently generating: ResourceKey[minecraft:worldgen/placed_feature / yungscavebiomes:frosted_caves/large_icicle_tilted]
[23Feb2025 00:27:47.679] [Worker-Main-3/ERROR] [net.minecraft.Util/]: Detected setBlock in a far chunk [-100, 43], pos: BlockPos{x=-1594, y=-33, z=703}, status: minecraft:features, currently generating: ResourceKey[minecraft:worldgen/placed_feature / yungscavebiomes:frosted_caves/large_icicle_tilted]
[23Feb2025 00:27:47.679] [Worker-Main-3/ERROR] [net.minecraft.Util/]: Detected setBlock in a far chunk [-100, 43], pos: BlockPos{x=-1593, y=-34, z=703}, status: minecraft:features, currently generating: ResourceKey[minecraft:worldgen/placed_feature / yungscavebiomes:frosted_caves/large_icicle_tilted]
[23Feb2025 00:27:47.679] [Worker-Main-3/ERROR] [net.minecraft.Util/]: Detected setBlock in a far chunk [-100, 43], pos: BlockPos{x=-1592, y=-34, z=702}, status: minecraft:features, currently generating: ResourceKey[minecraft:worldgen/placed_feature / yungscavebiomes:frosted_caves/large_icicle_tilted]
[23Feb2025 00:27:47.679] [Worker-Main-3/ERROR] [net.minecraft.Util/]: Detected setBlock in a far chunk [-100, 43], pos: BlockPos{x=-1592, y=-34, z=703}, status: minecraft:features, currently generating: ResourceKey[minecraft:worldgen/placed_feature / yungscavebiomes:frosted_caves/large_icicle_tilted]
[23Feb2025 00:27:47.679] [Worker-Main-3/ERROR] [net.minecraft.Util/]: Detected setBlock in a far chunk [-100, 43], pos: BlockPos{x=-1591, y=-34, z=703}, status: minecraft:features, currently generating: ResourceKey[minecraft:worldgen/placed_feature / yungscavebiomes:frosted_caves/large_icicle_tilted]
[23Feb2025 00:27:47.679] [Worker-Main-3/ERROR] [net.minecraft.Util/]: Detected setBlock in a far chunk [-100, 43], pos: BlockPos{x=-1590, y=-34, z=703}, status: minecraft:features, currently generating: ResourceKey[minecraft:worldgen/placed_feature / yungscavebiomes:frosted_caves/large_icicle_tilted]
[23Feb2025 00:27:53.387] [Server thread/WARN] [net.minecraft.world.level.chunk.LevelChunk/]: Tried to load a block entity for block Block{minecraft:smithing_table} but failed at location BlockPos{x=-1580, y=14, z=623}
[23Feb2025 00:27:54.535] [Server thread/WARN] [net.minecraft.world.level.chunk.LevelChunk/]: Tried to load a block entity for block Block{minecraft:fletching_table} but failed at location BlockPos{x=-1527, y=-46, z=949}
[23Feb2025 00:28:00.458] [Server thread/WARN] [net.minecraft.world.level.chunk.LevelChunk/]: Tried to load a block entity for block Block{minecraft:smithing_table} but failed at location BlockPos{x=-1405, y=-42, z=978}
[23Feb2025 00:28:06.486] [Server thread/WARN] [net.minecraft.world.level.chunk.LevelChunk/]: Tried to load a block entity for block Block{minecraft:fletching_table} but failed at location BlockPos{x=-1347, y=-9, z=1038}
[23Feb2025 00:28:38.146] [Server thread/WARN] [net.minecraft.world.level.chunk.LevelChunk/]: Tried to load a block entity for block Block{minecraft:smithing_table} but failed at location BlockPos{x=-807, y=-3, z=1354}
[23Feb2025 00:28:40.694] [Server thread/WARN] [net.minecraft.world.level.chunk.LevelChunk/]: Tried to load a block entity for block Block{minecraft:smithing_table} but failed at location BlockPos{x=-790, y=-20, z=1401}
[23Feb2025 00:28:41.451] [Server thread/INFO] [APTweaks(Core)/]: [APTweaks:Core] ↑ Server load changed from VERY_LOW (avg. 14.570233345031738) to LOW (avg. 25.87115478515625)
[23Feb2025 00:28:48.931] [Server thread/INFO] [APTweaks(Core)/]: [APTweaks:Core] ↓ Server load changed from LOW (avg. 25.87115478515625) to VERY_LOW (avg. 17.183231353759766)
[23Feb2025 00:28:51.196] [Server thread/WARN] [net.minecraft.world.level.chunk.LevelChunk/]: Tried to load a block entity for block Block{minecraft:smithing_table} but failed at location BlockPos{x=-473, y=4, z=1561}
[23Feb2025 00:29:01.039] [Server thread/WARN] [net.minecraft.world.level.chunk.LevelChunk/]: Tried to load a block entity for block Block{minecraft:fletching_table} but failed at location BlockPos{x=-407, y=-31, z=1575}
[23Feb2025 00:29:03.600] [Server thread/WARN] [net.minecraft.world.level.chunk.LevelChunk/]: Tried to load a block entity for block Block{minecraft:smithing_table} but failed at location BlockPos{x=-363, y=-30, z=1425}
[23Feb2025 00:29:04.048] [Server thread/WARN] [net.minecraft.world.level.chunk.LevelChunk/]: Tried to load a block entity for block Block{minecraft:fletching_table} but failed at location BlockPos{x=-360, y=-45, z=1467}
[23Feb2025 00:29:08.845] [Server thread/WARN] [net.minecraft.world.level.chunk.LevelChunk/]: Tried to load a block entity for block Block{minecraft:fletching_table} but failed at location BlockPos{x=-280, y=-49, z=1581}
[23Feb2025 00:29:10.288] [Server thread/WARN] [net.minecraft.world.level.chunk.LevelChunk/]: Tried to load a block entity for block Block{minecraft:smithing_table} but failed at location BlockPos{x=-245, y=-2, z=1628}
[23Feb2025 00:29:19.227] [Server thread/WARN] [net.minecraft.world.level.chunk.LevelChunk/]: Tried to load a block entity for block Block{minecraft:fletching_table} but failed at location BlockPos{x=-84, y=-27, z=1694}
[23Feb2025 00:29:21.198] [Server thread/WARN] [net.minecraft.world.level.chunk.LevelChunk/]: Tried to load a block entity for block Block{minecraft:fletching_table} but failed at location BlockPos{x=-34, y=-3, z=1733}
[23Feb2025 00:29:23.826] [Server thread/WARN] [net.minecraft.world.level.chunk.LevelChunk/]: Tried to load a block entity for block Block{minecraft:fletching_table} but failed at location BlockPos{x=10, y=-8, z=1675}
[23Feb2025 00:29:25.238] [Server thread/WARN] [net.minecraft.world.level.chunk.LevelChunk/]: Tried to load a block entity for block Block{minecraft:smithing_table} but failed at location BlockPos{x=42, y=-44, z=1570}
[23Feb2025 00:29:26.429] [Server thread/INFO] [APTweaks(Core)/]: [APTweaks:Core] ↑ Server load changed from VERY_LOW (avg. 16.20595359802246) to LOW (avg. 27.72873878479004)
[23Feb2025 00:29:31.292] [Server thread/WARN] [net.minecraft.world.level.chunk.LevelChunk/]: Tried to load a block entity for block Block{minecraft:smithing_table} but failed at location BlockPos{x=153, y=-1, z=1668}
[23Feb2025 00:29:39.906] [Server thread/WARN] [net.minecraft.world.level.chunk.LevelChunk/]: Tried to load a block entity for block Block{minecraft:smithing_table} but failed at location BlockPos{x=325, y=22, z=1778}
[23Feb2025 00:29:40.739] [Server thread/WARN] [net.minecraft.world.level.chunk.LevelChunk/]: Tried to load a block entity for block Block{minecraft:smithing_table} but failed at location BlockPos{x=336, y=21, z=1780}
[23Feb2025 00:29:41.429] [Server thread/INFO] [APTweaks(Core)/]: [APTweaks:Core] ↓ Server load changed from LOW (avg. 27.72873878479004) to VERY_LOW (avg. 19.391469955444336)
[23Feb2025 00:29:41.736] [Server thread/WARN] [net.minecraft.world.level.chunk.LevelChunk/]: Tried to load a block entity for block Block{minecraft:smithing_table} but failed at location BlockPos{x=356, y=28, z=1719}
[23Feb2025 00:29:41.736] [Server thread/WARN] [net.minecraft.world.level.chunk.LevelChunk/]: Tried to load a block entity for block Block{minecraft:fletching_table} but failed at location BlockPos{x=365, y=32, z=1715}
[23Feb2025 00:29:44.788] [Server thread/WARN] [net.minecraft.world.level.chunk.LevelChunk/]: Tried to load a block entity for block Block{minecraft:fletching_table} but failed at location BlockPos{x=425, y=-24, z=1779}
[23Feb2025 00:29:49.041] [Server thread/WARN] [net.minecraft.world.level.chunk.LevelChunk/]: Tried to load a block entity for block Block{minecraft:smithing_table} but failed at location BlockPos{x=510, y=-1, z=1795}
[23Feb2025 00:30:01.589] [Server thread/WARN] [net.minecraft.world.level.chunk.LevelChunk/]: Tried to load a block entity for block Block{minecraft:smithing_table} but failed at location BlockPos{x=580, y=-25, z=1847}
[23Feb2025 00:30:02.540] [Server thread/WARN] [net.minecraft.world.level.chunk.LevelChunk/]: Tried to load a block entity for block Block{minecraft:fletching_table} but failed at location BlockPos{x=602, y=-11, z=1841}
[23Feb2025 00:30:03.929] [Server thread/INFO] [APTweaks(Core)/]: [APTweaks:Core] ↑ Server load changed from VERY_LOW (avg. 17.723661422729492) to LOW (avg. 20.64022445678711)
[23Feb2025 00:30:05.737] [Server thread/WARN] [net.minecraft.world.level.chunk.LevelChunk/]: Tried to load a block entity for block Block{minecraft:fletching_table} but failed at location BlockPos{x=630, y=27, z=1900}
[23Feb2025 00:30:10.101] [Server thread/WARN] [net.minecraft.world.level.chunk.LevelChunk/]: Tried to load a block entity for block Block{minecraft:smithing_table} but failed at location BlockPos{x=642, y=-22, z=1949}
[23Feb2025 00:30:18.929] [Server thread/INFO] [APTweaks(Core)/]: [APTweaks:Core] ↓ Server load changed from LOW (avg. 20.64022445678711) to VERY_LOW (avg. 15.93770980834961)
[23Feb2025 00:30:37.342] [Server thread/INFO] [net.minecraft.server.network.ServerGamePacketListenerImpl/]: BillyVR15 lost connection: Disconnected
[23Feb2025 00:30:37.342] [Server thread/INFO] [net.minecraft.server.MinecraftServer/]: BillyVR15 left the game
[23Feb2025 00:30:37.343] [Server thread/INFO] [com.alrex.parcool.ParCool/]: Limitation of 9dc258e3-8b75-3a07-b91b-0c256f0f5fb3 was unloaded
[23Feb2025 00:30:37.343] [Server thread/INFO] [voicechat/]: [voicechat] Disconnecting client BillyVR15
[23Feb2025 00:30:41.536] [Server thread/WARN] [net.minecraft.world.level.chunk.LevelChunk/]: Tried to load a block entity for block Block{minecraft:smithing_table} but failed at location BlockPos{x=278, y=-24, z=2386}
[23Feb2025 00:30:51.393] [Server thread/INFO] [net.minecraft.server.network.ServerGamePacketListenerImpl/]: Sgirano lost connection: Disconnected
[23Feb2025 00:30:51.393] [Server thread/INFO] [net.minecraft.server.MinecraftServer/]: Sgirano left the game
[23Feb2025 00:30:51.393] [Server thread/INFO] [com.alrex.parcool.ParCool/]: Limitation of 9909c47d-4a06-3b3c-8ba2-dac6241fc74d was unloaded
[23Feb2025 00:30:51.394] [Server thread/INFO] [voicechat/]: [voicechat] Disconnecting client Sgirano
[23Feb2025 00:31:44.650] [Server thread/INFO] [net.minecraft.server.players.PlayerList/]: BillyVR15[/100.65.213.75:52182] logged in with entity id 95283 at (492.4712731633035, 118.0, 2184.7512231425253)
[23Feb2025 00:31:44.695] [Server thread/INFO] [net.minecraft.server.MinecraftServer/]: BillyVR15 joined the game
[23Feb2025 00:31:44.760] [Server thread/INFO] [APTweaks(Player)/]: Player BillyVR15 ServerPlayer['BillyVR15'/95283, l='ServerLevel[world]', x=492.47, y=118.00, z=2184.75] logged in and will be protected for 90 secs.
[23Feb2025 00:31:45.268] [Server thread/INFO] [voicechat/]: [voicechat] Received secret request of BillyVR15 (18)
[23Feb2025 00:31:45.268] [Server thread/INFO] [voicechat/]: [voicechat] Sent secret to BillyVR15
[23Feb2025 00:31:45.623] [Server thread/INFO] [com.alrex.parcool.ParCool/]: Limitation of 9dc258e3-8b75-3a07-b91b-0c256f0f5fb3 was loaded
[23Feb2025 00:31:45.688] [Server thread/INFO] [net.minecraft.server.players.PlayerList/]: Async chunk loading for player BillyVR15 completed
[23Feb2025 00:31:54.446] [VoiceChatPacketProcessingThread/INFO] [voicechat/]: [voicechat] Successfully authenticated player 9dc258e3-8b75-3a07-b91b-0c256f0f5fb3
[23Feb2025 00:31:55.452] [VoiceChatPacketProcessingThread/INFO] [voicechat/]: [voicechat] Successfully validated connection of player 9dc258e3-8b75-3a07-b91b-0c256f0f5fb3
[23Feb2025 00:31:55.452] [VoiceChatPacketProcessingThread/INFO] [voicechat/]: [voicechat] Player BillyVR15 (9dc258e3-8b75-3a07-b91b-0c256f0f5fb3) successfully connected to voice chat
[23Feb2025 00:32:01.229] [Server thread/INFO] [APTweaks(Player)/]: Protected Player BillyVR15 was successful validated after 16 secs.
[23Feb2025 00:32:01.229] [Server thread/INFO] [APTweaks(Player)/]: Removing player protection invulnerable from player BillyVR15!
[23Feb2025 00:32:03.981] [Server thread/INFO] [APTweaks(Core)/]: [APTweaks:Core] ↑ Server load changed from VERY_LOW (avg. 16.633628845214844) to LOW (avg. 21.393600463867188)
[23Feb2025 00:32:09.165] [Server thread/INFO] [net.minecraft.server.players.PlayerList/]: Sgirano[/100.112.142.109:57894] logged in with entity id 95660 at (503.2317770264615, 116.24716357643352, 2138.7676327316)
[23Feb2025 00:32:09.186] [Server thread/INFO] [net.minecraft.server.MinecraftServer/]: Sgirano joined the game
[23Feb2025 00:32:09.188] [Server thread/INFO] [APTweaks(Player)/]: Player Sgirano ServerPlayer['Sgirano'/95660, l='ServerLevel[world]', x=503.23, y=116.25, z=2138.77] logged in and will be protected for 90 secs.
[23Feb2025 00:32:09.213] [Server thread/INFO] [net.minecraft.server.players.PlayerList/]: Async chunk loading for player Sgirano completed
[23Feb2025 00:32:09.801] [Server thread/INFO] [voicechat/]: [voicechat] Received secret request of Sgirano (18)
[23Feb2025 00:32:09.802] [Server thread/INFO] [voicechat/]: [voicechat] Sent secret to Sgirano
[23Feb2025 00:32:09.802] [Server thread/INFO] [com.alrex.parcool.ParCool/]: Limitation of 9909c47d-4a06-3b3c-8ba2-dac6241fc74d was loaded
[23Feb2025 00:32:11.429] [Server thread/INFO] [APTweaks(Core)/]: [APTweaks:Core] ↓ Server load changed from LOW (avg. 21.393600463867188) to VERY_LOW (avg. 19.141937255859375)
[23Feb2025 00:32:17.661] [VoiceChatPacketProcessingThread/INFO] [voicechat/]: [voicechat] Successfully authenticated player 9909c47d-4a06-3b3c-8ba2-dac6241fc74d
[23Feb2025 00:32:18.654] [VoiceChatPacketProcessingThread/INFO] [voicechat/]: [voicechat] Successfully validated connection of player 9909c47d-4a06-3b3c-8ba2-dac6241fc74d
[23Feb2025 00:32:18.655] [VoiceChatPacketProcessingThread/INFO] [voicechat/]: [voicechat] Player Sgirano (9909c47d-4a06-3b3c-8ba2-dac6241fc74d) successfully connected to voice chat
[23Feb2025 00:32:18.929] [Server thread/INFO] [APTweaks(Core)/]: [APTweaks:Core] ↑ Server load changed from VERY_LOW (avg. 19.141937255859375) to LOW (avg. 26.761943817138672)
[23Feb2025 00:32:21.729] [Server thread/INFO] [APTweaks(Player)/]: Protected Player Sgirano was successful validated after 12 secs.
[23Feb2025 00:32:21.729] [Server thread/INFO] [APTweaks(Player)/]: Removing player protection invulnerable from player Sgirano!
[23Feb2025 00:32:43.410] [Server thread/INFO] [net.minecraft.server.MinecraftServer/]: [Not Secure] <BillyVR15> lograste volar? xd
[23Feb2025 00:32:47.797] [Server thread/INFO] [net.minecraft.server.MinecraftServer/]: [Not Secure] <Sgirano> no
[23Feb2025 00:32:50.251] [Server thread/INFO] [net.minecraft.server.MinecraftServer/]: [Not Secure] <BillyVR15> a
[23Feb2025 00:32:54.027] [Server thread/INFO] [net.minecraft.server.MinecraftServer/]: [Not Secure] <Sgirano> se bugeo el efecto
[23Feb2025 00:32:55.347] [Server thread/WARN] [net.minecraft.world.level.chunk.LevelChunk/]: Tried to load a block entity for block Block{minecraft:fletching_table} but failed at location BlockPos{x=402, y=-45, z=2492}
[23Feb2025 00:32:57.060] [Server thread/INFO] [net.minecraft.server.network.ServerGamePacketListenerImpl/]: Sgirano lost connection: Disconnected
[23Feb2025 00:32:57.060] [Server thread/INFO] [net.minecraft.server.MinecraftServer/]: Sgirano left the game
[23Feb2025 00:32:57.061] [Server thread/INFO] [com.alrex.parcool.ParCool/]: Limitation of 9909c47d-4a06-3b3c-8ba2-dac6241fc74d was unloaded
[23Feb2025 00:32:57.061] [Server thread/INFO] [voicechat/]: [voicechat] Disconnecting client Sgirano
[23Feb2025 00:33:06.889] [Server thread/WARN] [net.minecraft.world.level.chunk.LevelChunk/]: Tried to load a block entity for block Block{minecraft:fletching_table} but failed at location BlockPos{x=450, y=14, z=2503}
[23Feb2025 00:33:09.488] [Server thread/WARN] [net.minecraft.world.level.chunk.LevelChunk/]: Tried to load a block entity for block Block{minecraft:fletching_table} but failed at location BlockPos{x=559, y=7, z=2517}
[23Feb2025 00:33:14.266] [Server thread/INFO] [net.minecraft.server.players.PlayerList/]: Sgirano[/100.112.142.109:57923] logged in with entity id 96258 at (457.27440436545595, 111.0, 2105.8173099527526)
[23Feb2025 00:33:14.292] [Server thread/INFO] [net.minecraft.server.MinecraftServer/]: Sgirano joined the game
[23Feb2025 00:33:14.296] [Server thread/INFO] [APTweaks(Player)/]: Player Sgirano ServerPlayer['Sgirano'/96258, l='ServerLevel[world]', x=457.27, y=111.00, z=2105.82] logged in and will be protected for 90 secs.
[23Feb2025 00:33:14.325] [Server thread/INFO] [net.minecraft.server.players.PlayerList/]: Async chunk loading for player Sgirano completed
[23Feb2025 00:33:14.764] [Server thread/INFO] [voicechat/]: [voicechat] Received secret request of Sgirano (18)
[23Feb2025 00:33:14.765] [Server thread/INFO] [voicechat/]: [voicechat] Sent secret to Sgirano
[23Feb2025 00:33:14.802] [Server thread/INFO] [com.alrex.parcool.ParCool/]: Limitation of 9909c47d-4a06-3b3c-8ba2-dac6241fc74d was loaded
[23Feb2025 00:33:22.139] [Server thread/WARN] [net.minecraft.world.level.chunk.LevelChunk/]: Tried to load a block entity for block Block{minecraft:fletching_table} but failed at location BlockPos{x=451, y=-18, z=2578}
[23Feb2025 00:33:32.265] [VoiceChatPacketProcessingThread/INFO] [voicechat/]: [voicechat] Successfully authenticated player 9909c47d-4a06-3b3c-8ba2-dac6241fc74d
[23Feb2025 00:33:33.265] [VoiceChatPacketProcessingThread/INFO] [voicechat/]: [voicechat] Successfully validated connection of player 9909c47d-4a06-3b3c-8ba2-dac6241fc74d
[23Feb2025 00:33:33.265] [VoiceChatPacketProcessingThread/INFO] [voicechat/]: [voicechat] Player Sgirano (9909c47d-4a06-3b3c-8ba2-dac6241fc74d) successfully connected to voice chat
[23Feb2025 00:33:37.579] [Server thread/INFO] [APTweaks(Player)/]: Protected Player Sgirano was successful validated after 23 secs.
[23Feb2025 00:33:37.579] [Server thread/INFO] [APTweaks(Player)/]: Removing player protection invulnerable from player Sgirano!
[23Feb2025 00:33:42.360] [Server thread/WARN] [net.minecraft.server.level.ServerPlayerGameMode/]: Mismatch in destroy block pos: BlockPos{x=552, y=64, z=2445} BlockPos{x=551, y=63, z=2445}
[23Feb2025 00:33:44.495] [Server thread/WARN] [net.minecraft.world.level.chunk.LevelChunk/]: Tried to load a block entity for block Block{minecraft:smithing_table} but failed at location BlockPos{x=486, y=-31, z=2649}
[23Feb2025 00:33:54.266] [Server thread/INFO] [net.minecraft.server.MinecraftServer/]: [Not Secure] <Sgirano> dragon baboso
[23Feb2025 00:34:00.055] [Server thread/INFO] [net.minecraft.server.MinecraftServer/]: [Not Secure] <Sgirano> se esta quemando
[23Feb2025 00:34:04.615] [Server thread/INFO] [net.minecraft.server.MinecraftServer/]: [Not Secure] <BillyVR15> a
[23Feb2025 00:34:59.762] [Server thread/INFO] [net.minecraft.server.MinecraftServer/]: Sgirano has made the advancement [Ambush]
[23Feb2025 00:35:11.657] [Server thread/INFO] [net.minecraft.server.MinecraftServer/]: BillyVR15 has made the advancement [Beginner Breadsmithing]
[23Feb2025 00:35:29.212] [Server thread/INFO] [net.minecraft.server.MinecraftServer/]: [Not Secure] <Sgirano> tp
[23Feb2025 00:35:34.057] [Server thread/INFO] [net.minecraft.server.MinecraftServer/]: [Not Secure] <BillyVR15> no
[23Feb2025 00:35:43.852] [Server thread/INFO] [net.minecraft.server.MinecraftServer/]: [Not Secure] <Sgirano> tpame ctmr
[23Feb2025 00:35:45.303] [Server thread/INFO] [net.minecraft.server.MinecraftServer/]: [Not Secure] <Sgirano> xd
[23Feb2025 00:36:01.119] [Server thread/INFO] [net.minecraft.server.MinecraftServer/]: [Not Secure] <Sgirano> no hay nada cerca aqui
[23Feb2025 00:36:18.859] [Server thread/INFO] [net.minecraft.server.MinecraftServer/]: [Not Secure] <BillyVR15> encontré abetp
[23Feb2025 00:36:36.360] [Server thread/INFO] [net.minecraft.server.MinecraftServer/]: [Not Secure] <BillyVR15> ven, no estás lejos
[23Feb2025 00:36:36.856] [Server thread/INFO] [net.minecraft.server.MinecraftServer/]: [Not Secure] <Sgirano> ya tengo
[23Feb2025 00:36:46.757] [Server thread/INFO] [net.minecraft.server.MinecraftServer/]: [Not Secure] <BillyVR15> solo tienes que pasar por el dragón
[23Feb2025 00:38:21.740] [Server thread/WARN] [net.minecraft.world.level.chunk.LevelChunk/]: Tried to load a block entity for block Block{minecraft:smithing_table} but failed at location BlockPos{x=326, y=31, z=2658}
[23Feb2025 00:38:32.393] [Server thread/WARN] [net.minecraft.world.level.chunk.LevelChunk/]: Tried to load a block entity for block Block{minecraft:smithing_table} but failed at location BlockPos{x=367, y=7, z=2677}
[23Feb2025 00:38:32.395] [Server thread/WARN] [net.minecraft.world.level.chunk.LevelChunk/]: Tried to load a block entity for block Block{minecraft:smithing_table} but failed at location BlockPos{x=401, y=28, z=2685}
[23Feb2025 00:38:40.002] [Server thread/INFO] [net.minecraft.server.MinecraftServer/]: BillyVR15 has reached the goal [Plant Food]
[23Feb2025 00:38:56.429] [Server thread/INFO] [APTweaks(Core)/]: [APTweaks:Core] ↓ Server load changed from LOW (avg. 24.204132080078125) to VERY_LOW (avg. 18.939199447631836)
[23Feb2025 00:39:11.854] [Server thread/INFO] [net.minecraft.server.MinecraftServer/]: BillyVR15 has made the advancement [The Cutest Predator]
[23Feb2025 00:39:33.043] [Server thread/INFO] [net.minecraft.server.MinecraftServer/]: Sgirano has made the advancement [Beginner Breadsmithing]
[23Feb2025 00:40:58.156] [Server thread/WARN] [net.minecraft.world.level.chunk.LevelChunk/]: Tried to load a block entity for block Block{minecraft:smithing_table} but failed at location BlockPos{x=569, y=-20, z=2763}
[23Feb2025 00:41:09.738] [Server thread/WARN] [net.minecraft.world.level.chunk.LevelChunk/]: Tried to load a block entity for block Block{minecraft:fletching_table} but failed at location BlockPos{x=696, y=9, z=2814}
[23Feb2025 00:41:10.192] [Server thread/WARN] [net.minecraft.world.level.chunk.LevelChunk/]: Tried to load a block entity for block Block{minecraft:fletching_table} but failed at location BlockPos{x=562, y=-8, z=2807}
[23Feb2025 00:41:12.748] [Server thread/WARN] [net.minecraft.world.level.chunk.LevelChunk/]: Tried to load a block entity for block Block{minecraft:smithing_table} but failed at location BlockPos{x=683, y=5, z=2818}
[23Feb2025 00:41:18.929] [Server thread/INFO] [APTweaks(Core)/]: [APTweaks:Core] ↑ Server load changed from VERY_LOW (avg. 17.900409698486328) to LOW (avg. 22.458093643188477)
[23Feb2025 00:41:19.113] [Server thread/WARN] [net.minecraft.world.level.chunk.LevelChunk/]: Tried to load a block entity for block Block{minecraft:fletching_table} but failed at location BlockPos{x=600, y=0, z=2852}
[23Feb2025 00:41:33.929] [Server thread/INFO] [APTweaks(Core)/]: [APTweaks:Core] ↓ Server load changed from LOW (avg. 22.458093643188477) to VERY_LOW (avg. 19.472862243652344)
[23Feb2025 00:41:45.366] [Server thread/INFO] [net.minecraft.server.MinecraftServer/]: BillyVR15 has made the advancement [Best Friends Forever]
[23Feb2025 00:41:54.893] [Server thread/WARN] [net.minecraft.world.level.chunk.LevelChunk/]: Tried to load a block entity for block Block{minecraft:fletching_table} but failed at location BlockPos{x=684, y=-9, z=2957}
[23Feb2025 00:41:56.429] [Server thread/INFO] [APTweaks(Core)/]: [APTweaks:Core] ↑ Server load changed from VERY_LOW (avg. 16.593873977661133) to LOW (avg. 24.031063079833984)
[23Feb2025 00:41:58.236] [Server thread/WARN] [net.minecraft.world.level.chunk.LevelChunk/]: Tried to load a block entity for block Block{minecraft:fletching_table} but failed at location BlockPos{x=683, y=-4, z=2964}
[23Feb2025 00:42:15.360] [Server thread/INFO] [net.minecraft.server.MinecraftServer/]: [Not Secure] <Sgirano> ctmr en eso estas usando mis huesos?
[23Feb2025 00:42:17.291] [Server thread/WARN] [net.minecraft.world.level.chunk.LevelChunk/]: Tried to load a block entity for block Block{minecraft:smithing_table} but failed at location BlockPos{x=659, y=-6, z=2994}
[23Feb2025 00:42:22.186] [Server thread/WARN] [net.minecraft.world.level.chunk.LevelChunk/]: Tried to load a block entity for block Block{minecraft:smithing_table} but failed at location BlockPos{x=582, y=1, z=3022}
[23Feb2025 00:42:43.736] [Server thread/WARN] [net.minecraft.world.level.chunk.LevelChunk/]: Tried to load a block entity for block Block{minecraft:smithing_table} but failed at location BlockPos{x=653, y=-17, z=3090}
[23Feb2025 00:43:19.640] [Server thread/WARN] [net.minecraft.world.level.chunk.LevelChunk/]: Tried to load a block entity for block Block{minecraft:fletching_table} but failed at location BlockPos{x=547, y=-15, z=3039}
[23Feb2025 00:43:32.602] [Server thread/WARN] [net.minecraft.world.entity.ai.attributes.AttributeMap/]: Ignoring unknown attribute 'porting_lib:step_height_addition'
[23Feb2025 00:43:32.602] [Server thread/WARN] [net.minecraft.world.entity.ai.attributes.AttributeMap/]: Ignoring unknown attribute 'porting_lib:entity_gravity'
[23Feb2025 00:43:41.429] [Server thread/INFO] [APTweaks(Core)/]: [APTweaks:Core] ↓ Server load changed from LOW (avg. 22.834875106811523) to VERY_LOW (avg. 19.78057098388672)
[23Feb2025 00:43:42.845] [Server thread/WARN] [net.minecraft.world.entity.ai.attributes.AttributeMap/]: Ignoring unknown attribute 'porting_lib:step_height_addition'
[23Feb2025 00:43:42.845] [Server thread/WARN] [net.minecraft.world.entity.ai.attributes.AttributeMap/]: Ignoring unknown attribute 'porting_lib:entity_gravity'
[23Feb2025 00:44:54.794] [Server thread/WARN] [net.minecraft.world.level.chunk.LevelChunk/]: Tried to load a block entity for block Block{minecraft:smithing_table} but failed at location BlockPos{x=829, y=-6, z=3218}
[23Feb2025 00:44:57.687] [Server thread/WARN] [net.minecraft.world.level.chunk.LevelChunk/]: Tried to load a block entity for block Block{minecraft:fletching_table} but failed at location BlockPos{x=733, y=-18, z=3240}
[23Feb2025 00:44:57.861] [Server thread/WARN] [net.minecraft.world.level.chunk.LevelChunk/]: Tried to load a block entity for block Block{minecraft:smithing_table} but failed at location BlockPos{x=805, y=-38, z=3232}
[23Feb2025 00:45:18.584] [Server thread/INFO] [net.minecraft.world.entity.npc.Villager/]: Villager Villager['Leatherworker'/100042, l='ServerLevel[world]', x=745.70, y=105.00, z=2910.70] died, message: 'Leatherworker was slain by Grizzly Bear'
[23Feb2025 00:45:24.959] [Server thread/WARN] [net.minecraft.world.level.chunk.LevelChunk/]: Tried to load a block entity for block Block{minecraft:fletching_table} but failed at location BlockPos{x=743, y=-16, z=3276}
[23Feb2025 00:45:26.432] [Server thread/INFO] [APTweaks(Core)/]: [APTweaks:Core] ↑ Server load changed from VERY_LOW (avg. 16.56821060180664) to LOW (avg. 27.736509323120117)
[23Feb2025 00:45:33.929] [Server thread/INFO] [APTweaks(Core)/]: [APTweaks:Core] ↓ Server load changed from LOW (avg. 27.736509323120117) to VERY_LOW (avg. 17.695938110351562)
[23Feb2025 00:46:11.573] [Server thread/INFO] [APTweaks(Core)/]: [APTweaks:Core] ↑ Server load changed from VERY_LOW (avg. 17.803449630737305) to VERY_HIGH (avg. 55.66382598876953)
[23Feb2025 00:46:18.929] [Server thread/INFO] [APTweaks(Core)/]: [APTweaks:Core] ↓ Server load changed from VERY_HIGH (avg. 55.66382598876953) to LOW (avg. 22.63996124267578)
[23Feb2025 00:46:30.087] [Server thread/WARN] [net.minecraft.world.level.chunk.LevelChunk/]: Tried to load a block entity for block Block{minecraft:fletching_table} but failed at location BlockPos{x=745, y=29, z=3366}
[23Feb2025 00:46:33.929] [Server thread/INFO] [APTweaks(Core)/]: [APTweaks:Core] ↓ Server load changed from LOW (avg. 22.63996124267578) to VERY_LOW (avg. 15.876964569091797)
[23Feb2025 00:46:37.637] [Server thread/WARN] [net.minecraft.world.level.chunk.LevelChunk/]: Tried to load a block entity for block Block{minecraft:fletching_table} but failed at location BlockPos{x=1033, y=3, z=3315}
[23Feb2025 00:46:48.929] [Server thread/INFO] [APTweaks(Core)/]: [APTweaks:Core] ↑ Server load changed from VERY_LOW (avg. 15.876964569091797) to LOW (avg. 26.915868759155273)
[23Feb2025 00:47:03.929] [Server thread/INFO] [APTweaks(Core)/]: [APTweaks:Core] ↓ Server load changed from LOW (avg. 26.915868759155273) to VERY_LOW (avg. 14.050300598144531)
[23Feb2025 00:47:16.993] [Server thread/WARN] [net.minecraft.world.level.chunk.LevelChunk/]: Tried to load a block entity for block Block{minecraft:smithing_table} but failed at location BlockPos{x=941, y=6, z=3383}
[23Feb2025 00:47:18.929] [Server thread/INFO] [APTweaks(Core)/]: [APTweaks:Core] ↑ Server load changed from VERY_LOW (avg. 14.050300598144531) to LOW (avg. 25.50415802001953)
[23Feb2025 00:47:21.835] [Server thread/WARN] [net.minecraft.world.level.chunk.LevelChunk/]: Tried to load a block entity for block Block{minecraft:smithing_table} but failed at location BlockPos{x=917, y=31, z=3421}
[23Feb2025 00:47:31.295] [Server thread/WARN] [net.minecraft.world.level.chunk.LevelChunk/]: Tried to load a block entity for block Block{minecraft:fletching_table} but failed at location BlockPos{x=874, y=-50, z=3478}
[23Feb2025 00:47:32.534] [Server thread/WARN] [net.minecraft.world.level.chunk.LevelChunk/]: Tried to load a block entity for block Block{minecraft:fletching_table} but failed at location BlockPos{x=1111, y=-23, z=3496}
[23Feb2025 00:47:32.739] [Server thread/WARN] [net.minecraft.world.level.chunk.LevelChunk/]: Tried to load a block entity for block Block{minecraft:fletching_table} but failed at location BlockPos{x=1010, y=-28, z=3500}
[23Feb2025 00:47:33.929] [Server thread/INFO] [APTweaks(Core)/]: [APTweaks:Core] ↓ Server load changed from LOW (avg. 25.50415802001953) to VERY_LOW (avg. 15.488938331604004)
[23Feb2025 00:47:35.088] [Server thread/WARN] [net.minecraft.world.level.chunk.LevelChunk/]: Tried to load a block entity for block Block{minecraft:smithing_table} but failed at location BlockPos{x=1143, y=-51, z=3504}
[23Feb2025 00:47:37.341] [Server thread/WARN] [net.minecraft.world.level.chunk.LevelChunk/]: Tried to load a block entity for block Block{minecraft:fletching_table} but failed at location BlockPos{x=1163, y=-49, z=3520}
[23Feb2025 00:48:02.650] [Server thread/WARN] [net.minecraft.world.level.chunk.LevelChunk/]: Tried to load a block entity for block Block{minecraft:fletching_table} but failed at location BlockPos{x=911, y=23, z=3564}
[23Feb2025 00:48:08.636] [Server thread/WARN] [net.minecraft.world.level.chunk.LevelChunk/]: Tried to load a block entity for block Block{minecraft:smithing_table} but failed at location BlockPos{x=1004, y=-20, z=3572}
[23Feb2025 00:48:18.589] [Server thread/WARN] [net.minecraft.world.level.chunk.LevelChunk/]: Tried to load a block entity for block Block{minecraft:smithing_table} but failed at location BlockPos{x=1155, y=-19, z=3631}
[23Feb2025 00:48:18.793] [Server thread/WARN] [net.minecraft.world.level.chunk.LevelChunk/]: Tried to load a block entity for block Block{minecraft:fletching_table} but failed at location BlockPos{x=787, y=20, z=3615}
[23Feb2025 00:48:18.929] [Server thread/INFO] [APTweaks(Core)/]: [APTweaks:Core] ↑ Server load changed from VERY_LOW (avg. 16.12466049194336) to LOW (avg. 21.761768341064453)
[23Feb2025 00:48:29.638] [Server thread/WARN] [net.minecraft.world.level.chunk.LevelChunk/]: Tried to load a block entity for block Block{minecraft:fletching_table} but failed at location BlockPos{x=1215, y=2, z=3578}
[23Feb2025 00:48:33.929] [Server thread/INFO] [APTweaks(Core)/]: [APTweaks:Core] ↓ Server load changed from LOW (avg. 21.761768341064453) to VERY_LOW (avg. 12.798981666564941)
[23Feb2025 00:48:47.741] [Server thread/WARN] [net.minecraft.world.level.chunk.LevelChunk/]: Tried to load a block entity for block Block{minecraft:smithing_table} but failed at location BlockPos{x=989, y=-46, z=3677}
[23Feb2025 00:48:50.587] [Server thread/WARN] [net.minecraft.world.level.chunk.LevelChunk/]: Tried to load a block entity for block Block{minecraft:smithing_table} but failed at location BlockPos{x=1217, y=-29, z=3519}
[23Feb2025 00:48:52.935] [Server thread/INFO] [net.minecraft.server.MinecraftServer/]: Sgirano has made the advancement [Mine? Mine? Mine?]
[23Feb2025 00:48:57.793] [Server thread/WARN] [net.minecraft.world.level.chunk.LevelChunk/]: Tried to load a block entity for block Block{minecraft:smithing_table} but failed at location BlockPos{x=1086, y=-36, z=3682}
[23Feb2025 00:48:57.793] [Server thread/WARN] [net.minecraft.world.level.chunk.LevelChunk/]: Tried to load a block entity for block Block{minecraft:smithing_table} but failed at location BlockPos{x=1084, y=-36, z=3684}
[23Feb2025 00:48:57.794] [Server thread/WARN] [net.minecraft.world.level.chunk.LevelChunk/]: Tried to load a block entity for block Block{minecraft:smithing_table} but failed at location BlockPos{x=1083, y=-31, z=3682}
[23Feb2025 00:49:10.837] [Server thread/WARN] [net.minecraft.world.level.chunk.LevelChunk/]: Tried to load a block entity for block Block{minecraft:smithing_table} but failed at location BlockPos{x=1222, y=31, z=3687}
[23Feb2025 00:49:24.105] [Server thread/WARN] [net.minecraft.world.level.chunk.LevelChunk/]: Tried to load a block entity for block Block{minecraft:smithing_table} but failed at location BlockPos{x=1085, y=-31, z=3697}
[23Feb2025 00:49:28.493] [Server thread/WARN] [net.minecraft.world.level.chunk.LevelChunk/]: Tried to load a block entity for block Block{minecraft:fletching_table} but failed at location BlockPos{x=1258, y=7, z=3610}
[23Feb2025 00:49:29.341] [Server thread/WARN] [net.minecraft.world.level.chunk.LevelChunk/]: Tried to load a block entity for block Block{minecraft:smithing_table} but failed at location BlockPos{x=1257, y=-16, z=3717}
[23Feb2025 00:49:29.685] [Server thread/WARN] [net.minecraft.world.level.chunk.LevelChunk/]: Tried to load a block entity for block Block{minecraft:smithing_table} but failed at location BlockPos{x=1050, y=-52, z=3736}
[23Feb2025 00:49:32.188] [Server thread/WARN] [net.minecraft.world.level.chunk.LevelChunk/]: Tried to load a block entity for block Block{minecraft:fletching_table} but failed at location BlockPos{x=1013, y=36, z=3750}
[23Feb2025 00:49:33.929] [Server thread/INFO] [APTweaks(Core)/]: [APTweaks:Core] ↑ Server load changed from VERY_LOW (avg. 19.77594566345215) to LOW (avg. 25.380685806274414)
[23Feb2025 00:49:35.014] [Server thread/WARN] [net.minecraft.world.level.chunk.LevelChunk/]: Tried to load a block entity for block Block{minecraft:smithing_table} but failed at location BlockPos{x=1009, y=-11, z=3762}
[23Feb2025 00:49:40.837] [Server thread/WARN] [net.minecraft.world.level.chunk.LevelChunk/]: Tried to load a block entity for block Block{minecraft:fletching_table} but failed at location BlockPos{x=1322, y=-9, z=3652}
[23Feb2025 00:49:46.586] [Server thread/WARN] [net.minecraft.world.level.chunk.LevelChunk/]: Tried to load a block entity for block Block{minecraft:smithing_table} but failed at location BlockPos{x=1347, y=-50, z=3762}
[23Feb2025 00:49:48.289] [Server thread/WARN] [net.minecraft.world.level.chunk.LevelChunk/]: Tried to load a block entity for block Block{minecraft:fletching_table} but failed at location BlockPos{x=1373, y=36, z=3769}
[23Feb2025 00:49:48.929] [Server thread/INFO] [APTweaks(Core)/]: [APTweaks:Core] ↓ Server load changed from LOW (avg. 25.380685806274414) to VERY_LOW (avg. 14.924449920654297)
[23Feb2025 00:50:03.929] [Server thread/INFO] [APTweaks(Core)/]: [APTweaks:Core] ↑ Server load changed from VERY_LOW (avg. 14.924449920654297) to LOW (avg. 23.4814395904541)
[23Feb2025 00:50:11.429] [Server thread/INFO] [APTweaks(Core)/]: [APTweaks:Core] ↓ Server load changed from LOW (avg. 23.4814395904541) to VERY_LOW (avg. 17.909067153930664)
[23Feb2025 00:50:25.447] [Server thread/WARN] [net.minecraft.world.level.chunk.LevelChunk/]: Tried to load a block entity for block Block{minecraft:smithing_table} but failed at location BlockPos{x=1264, y=39, z=3848}
[23Feb2025 00:50:44.791] [Server thread/INFO] [net.minecraft.server.MinecraftServer/]: BillyVR15 has made the advancement [Tie me to the Mast]
[23Feb2025 00:50:45.101] [Server thread/INFO] [net.minecraft.server.MinecraftServer/]: Sgirano has made the advancement [Tie me to the Mast]
[23Feb2025 00:51:39.563] [Server thread/WARN] [net.minecraft.server.network.ServerGamePacketListenerImpl/]: Boat (vehicle of Sgirano) moved wrongly! 0.2502315685926533
[23Feb2025 00:51:39.611] [Server thread/WARN] [net.minecraft.server.network.ServerGamePacketListenerImpl/]: Boat (vehicle of Sgirano) moved wrongly! 0.30504182553431747
[23Feb2025 00:51:39.669] [Server thread/WARN] [net.minecraft.server.network.ServerGamePacketListenerImpl/]: Boat (vehicle of Sgirano) moved wrongly! 0.31258950861683843
[23Feb2025 00:51:45.489] [Server thread/WARN] [net.minecraft.world.level.chunk.LevelChunk/]: Tried to load a block entity for block Block{minecraft:smithing_table} but failed at location BlockPos{x=1295, y=-19, z=3883}
[23Feb2025 00:51:47.738] [Server thread/WARN] [net.minecraft.world.level.chunk.LevelChunk/]: Tried to load a block entity for block Block{minecraft:fletching_table} but failed at location BlockPos{x=1531, y=10, z=3892}
[23Feb2025 00:51:56.431] [Server thread/INFO] [APTweaks(Core)/]: [APTweaks:Core] ↑ Server load changed from VERY_LOW (avg. 13.742536544799805) to LOW (avg. 20.767562866210938)
[23Feb2025 00:51:56.941] [Server thread/WARN] [net.minecraft.world.level.chunk.LevelChunk/]: Tried to load a block entity for block Block{minecraft:fletching_table} but failed at location BlockPos{x=1507, y=-17, z=3959}
[23Feb2025 00:52:01.651] [Server thread/WARN] [net.minecraft.world.level.chunk.LevelChunk/]: Tried to load a block entity for block Block{minecraft:fletching_table} but failed at location BlockPos{x=1562, y=-38, z=3996}
[23Feb2025 00:52:04.190] [Server thread/WARN] [net.minecraft.world.level.chunk.LevelChunk/]: Tried to load a block entity for block Block{minecraft:smithing_table} but failed at location BlockPos{x=1434, y=-18, z=4012}
[23Feb2025 00:52:06.490] [Server thread/WARN] [net.minecraft.world.level.chunk.LevelChunk/]: Tried to load a block entity for block Block{minecraft:smithing_table} but failed at location BlockPos{x=1430, y=-17, z=4019}
[23Feb2025 00:52:17.997] [Server thread/WARN] [net.minecraft.world.level.chunk.LevelChunk/]: Tried to load a block entity for block Block{minecraft:fletching_table} but failed at location BlockPos{x=1604, y=-40, z=4107}
[23Feb2025 00:52:18.929] [Server thread/INFO] [APTweaks(Core)/]: [APTweaks:Core] ↓ Server load changed from LOW (avg. 22.032188415527344) to VERY_LOW (avg. 13.894301414489746)
[23Feb2025 00:52:20.085] [Server thread/WARN] [net.minecraft.world.level.chunk.LevelChunk/]: Tried to load a block entity for block Block{minecraft:fletching_table} but failed at location BlockPos{x=1637, y=-26, z=4118}
[23Feb2025 00:52:20.085] [Server thread/WARN] [net.minecraft.world.level.chunk.LevelChunk/]: Tried to load a block entity for block Block{minecraft:smithing_table} but failed at location BlockPos{x=1653, y=-25, z=4113}
[23Feb2025 00:52:20.478] [Server thread/WARN] [net.minecraft.world.level.chunk.LevelChunk/]: Tried to load a block entity for block Block{minecraft:smithing_table} but failed at location BlockPos{x=1537, y=-43, z=4119}
[23Feb2025 00:52:25.843] [Server thread/WARN] [net.minecraft.world.level.chunk.LevelChunk/]: Tried to load a block entity for block Block{minecraft:fletching_table} but failed at location BlockPos{x=1475, y=-4, z=4157}
[23Feb2025 00:52:33.289] [Server thread/WARN] [net.minecraft.world.level.chunk.LevelChunk/]: Tried to load a block entity for block Block{minecraft:smithing_table} but failed at location BlockPos{x=1709, y=24, z=4193}
[23Feb2025 00:52:35.939] [Server thread/WARN] [net.minecraft.world.level.chunk.LevelChunk/]: Tried to load a block entity for block Block{minecraft:smithing_table} but failed at location BlockPos{x=1508, y=-46, z=4214}
[23Feb2025 00:53:41.429] [Server thread/INFO] [APTweaks(Core)/]: [APTweaks:Core] ↑ Server load changed from VERY_LOW (avg. 19.54775619506836) to LOW (avg. 23.91050148010254)
[23Feb2025 00:54:26.429] [Server thread/INFO] [APTweaks(Core)/]: [APTweaks:Core] ↓ Server load changed from LOW (avg. 39.20242691040039) to VERY_LOW (avg. 11.06563663482666)
[23Feb2025 00:56:41.429] [Server thread/INFO] [APTweaks(Core)/]: [APTweaks:Core] ↑ Server load changed from VERY_LOW (avg. 10.598099708557129) to LOW (avg. 22.36020278930664)
[23Feb2025 00:57:17.905] [Server thread/INFO] [net.minecraft.server.MinecraftServer/]: [Not Secure] <Sgirano> ven
[23Feb2025 00:57:26.400] [Server thread/INFO] [net.minecraft.server.MinecraftServer/]: [Not Secure] <Sgirano> cambiare de lugar la stone
[23Feb2025 00:57:41.429] [Server thread/INFO] [APTweaks(Core)/]: [APTweaks:Core] ↓ Server load changed from LOW (avg. 21.91925621032715) to VERY_LOW (avg. 12.902154922485352)
[23Feb2025 00:58:26.628] [Server thread/INFO] [APTweaks(Core)/]: [APTweaks:Core] ↑ Server load changed from VERY_LOW (avg. 13.090435028076172) to LOW (avg. 29.37146759033203)
[23Feb2025 00:58:41.429] [Server thread/INFO] [APTweaks(Core)/]: [APTweaks:Core] ↓ Server load changed from LOW (avg. 29.37146759033203) to VERY_LOW (avg. 12.677536964416504)
[23Feb2025 00:59:41.476] [Server thread/INFO] [APTweaks(Core)/]: [APTweaks:Core] ↑ Server load changed from VERY_LOW (avg. 13.648335456848145) to LOW (avg. 39.059349060058594)
[23Feb2025 00:59:49.847] [Server thread/INFO] [net.minecraft.server.network.ServerGamePacketListenerImpl/]: Sgirano lost connection: Disconnected
[23Feb2025 00:59:49.847] [Server thread/INFO] [net.minecraft.server.MinecraftServer/]: Sgirano left the game
[23Feb2025 00:59:49.847] [Server thread/INFO] [com.alrex.parcool.ParCool/]: Limitation of 9909c47d-4a06-3b3c-8ba2-dac6241fc74d was unloaded
[23Feb2025 00:59:49.847] [Server thread/INFO] [voicechat/]: [voicechat] Disconnecting client Sgirano
[23Feb2025 01:00:03.929] [Server thread/INFO] [APTweaks(Core)/]: [APTweaks:Core] ↓ Server load changed from LOW (avg. 26.544883728027344) to VERY_LOW (avg. 10.934890747070312)
[23Feb2025 01:05:02.839] [Server thread/INFO] [net.minecraft.server.MinecraftServer/]: BillyVR15 has made the advancement [Not of Chocolate]
[23Feb2025 01:05:18.704] [Server thread/INFO] [net.minecraft.server.MinecraftServer/]: BillyVR15 has made the advancement [Where Is The Stone Pen?]
[23Feb2025 01:05:18.706] [Server thread/INFO] [net.minecraft.server.MinecraftServer/]: BillyVR15 has made the advancement [Quickly Applied]
[23Feb2025 01:05:25.855] [Server thread/INFO] [net.minecraft.server.MinecraftServer/]: BillyVR15 has made the advancement [Let The Magic Happen]
[23Feb2025 01:05:57.294] [Server thread/INFO] [net.minecraft.server.MinecraftServer/]: [BillyVR15: Set own game mode to Creative Mode]
[23Feb2025 01:06:05.641] [Server thread/INFO] [net.minecraft.server.MinecraftServer/]: [BillyVR15: Set own game mode to Survival Mode]
